<?xml version="1.0" encoding="UTF-8"?>
<testng-results ignored="0" total="1" passed="1" failed="0" skipped="0">
  <reporter-output>
  </reporter-output>
  <suite started-at="2026-02-20T23:07:34 IST" name="Default suite" finished-at="2026-02-20T23:07:43 IST" duration-ms="9010">
    <groups>
    </groups>
    <test started-at="2026-02-20T23:07:34 IST" name="Default test" finished-at="2026-02-20T23:07:43 IST" duration-ms="9010">
      <class name="excelDriven">
        <test-method signature="addBook()[pri:0, instance:excelDriven@4fb61f4a]" started-at="2026-02-20T23:07:35 IST" name="addBook" finished-at="2026-02-20T23:07:43 IST" duration-ms="8873" status="PASS">
          <reporter-output>
          </reporter-output>
        </test-method> <!-- addBook -->
      </class> <!-- excelDriven -->
    </test> <!-- Default test -->
  </suite> <!-- Default suite -->
</testng-results>
