<?xml version="1.0" encoding="UTF-8"?>
<!-- Generated by org.testng.reporters.JUnitReportReporter -->
<testsuite hostname="DESKTOP-69N6QT8" failures="0" tests="3" name="files.DynamicJson" time="7.317" errors="0" timestamp="2025-11-25T23:43:56 IST" skipped="0">
  <testcase classname="files.DynamicJson" name="addBook" time="6.033"/>
  <testcase classname="files.DynamicJson" name="addBook" time="0.751"/>
  <testcase classname="files.DynamicJson" name="addBook" time="0.533"/>
</testsuite> <!-- files.DynamicJson -->
