<?xml version="1.0" encoding="UTF-8"?>
<!-- Generated by org.testng.reporters.JUnitReportReporter -->
<testsuite hostname="DESKTOP-69N6QT8" failures="0" tests="2" name="app_GeneralStore.Ecommerce1" time="30.931" errors="0" timestamp="2024-04-16T20:53:29 IST" skipped="0">
  <testcase classname="app_GeneralStore.Ecommerce1" name="FillForm_ErrorValidation" time="10.927"/>
  <testcase classname="app_GeneralStore.Ecommerce1" name="FillForm_PositiveFlow" time="20.004"/>
</testsuite> <!-- app_GeneralStore.Ecommerce1 -->
