<?xml version="1.0" encoding="UTF-8"?>
<!-- Generated by org.testng.reporters.JUnitXMLReporter -->
<testsuite ignored="0" hostname="DESKTOP-69N6QT8" failures="0" tests="2" name="End to end Framework Test" time="64.929" errors="0" timestamp="2024-04-16T19:54:08 IST">
  <testcase classname="surajacademy.TestUtils.BaseTest2" name="@BeforeClass StartConfig" time="64.656">
    <failure type="org.openqa.selenium.SessionNotCreatedException" message="Could not start a new session. Response code 500. Message: An unknown server-side error occurred while processing the command. Original error: Cannot start the &amp;apos;com.androidsample.generalstore&amp;apos; application. Consider checking the driver&amp;apos;s troubleshooting documentation. Original error: &amp;apos;com.androidsample.generalstore.SplashActivity&amp;apos; or &amp;apos;com.androidsample.generalstore.com.androidsample.generalstore.SplashActivity&amp;apos; never started. Consider checking the driver&amp;apos;s troubleshooting documentation. 
Host info: host: &amp;apos;DESKTOP-69N6QT8&amp;apos;, ip: &amp;apos;192.168.0.102&amp;apos;
Build info: version: &amp;apos;4.19.1&amp;apos;, revision: &amp;apos;abe0ee07dc&amp;apos;
System info: os.name: &amp;apos;Windows 11&amp;apos;, os.arch: &amp;apos;amd64&amp;apos;, os.version: &amp;apos;10.0&amp;apos;, java.version: &amp;apos;22&amp;apos;
Driver info: io.appium.java_client.android.AndroidDriver
Command: [null, newSession {desiredCapabilities=Capabilities {appium:app: C://Users//suraj//eclipse-w..., appium:automationName: UIAutomator2, appium:chromedriverExecutable: C://Users//suraj//eclipse-w..., appium:deviceName: SurajEmulator, platformName: ANDROID}, capabilities=[{appium:deviceName=SurajEmulator, appium:chromedriverExecutable=C://Users//suraj//eclipse-workspace//chromedriver.exe, appium:automationName=UIAutomator2, platformName=ANDROID, appium:app=C://Users//suraj//eclipse-workspace//Appium//src//test//java//surajacademy//resources//General-Store.apk}]}]
Capabilities {appium:app: C://Users//suraj//eclipse-w..., appium:automationName: UIAutomator2, appium:chromedriverExecutable: C://Users//suraj//eclipse-w..., appium:deviceName: SurajEmulator, platformName: ANDROID}">
      <![CDATA[org.openqa.selenium.SessionNotCreatedException: Could not start a new session. Response code 500. Message: An unknown server-side error occurred while processing the command. Original error: Cannot start the 'com.androidsample.generalstore' application. Consider checking the driver's troubleshooting documentation. Original error: 'com.androidsample.generalstore.SplashActivity' or 'com.androidsample.generalstore.com.androidsample.generalstore.SplashActivity' never started. Consider checking the driver's troubleshooting documentation. 
Host info: host: 'DESKTOP-69N6QT8', ip: '192.168.0.102'
Build info: version: '4.19.1', revision: 'abe0ee07dc'
System info: os.name: 'Windows 11', os.arch: 'amd64', os.version: '10.0', java.version: '22'
Driver info: io.appium.java_client.android.AndroidDriver
Command: [null, newSession {desiredCapabilities=Capabilities {appium:app: C://Users//suraj//eclipse-w..., appium:automationName: UIAutomator2, appium:chromedriverExecutable: C://Users//suraj//eclipse-w..., appium:deviceName: SurajEmulator, platformName: ANDROID}, capabilities=[{appium:deviceName=SurajEmulator, appium:chromedriverExecutable=C://Users//suraj//eclipse-workspace//chromedriver.exe, appium:automationName=UIAutomator2, platformName=ANDROID, appium:app=C://Users//suraj//eclipse-workspace//Appium//src//test//java//surajacademy//resources//General-Store.apk}]}]
Capabilities {appium:app: C://Users//suraj//eclipse-w..., appium:automationName: UIAutomator2, appium:chromedriverExecutable: C://Users//suraj//eclipse-w..., appium:deviceName: SurajEmulator, platformName: ANDROID}
at org.openqa.selenium.remote.ProtocolHandshake.createSession(ProtocolHandshake.java:114)
at io.appium.java_client.remote.AppiumProtocolHandshake.createSession(AppiumProtocolHandshake.java:116)
at io.appium.java_client.remote.AppiumProtocolHandshake.createSession(AppiumProtocolHandshake.java:96)
at io.appium.java_client.remote.AppiumCommandExecutor.createSession(AppiumCommandExecutor.java:176)
at io.appium.java_client.remote.AppiumCommandExecutor.execute(AppiumCommandExecutor.java:237)
at org.openqa.selenium.remote.RemoteWebDriver.execute(RemoteWebDriver.java:518)
at io.appium.java_client.AppiumDriver.startSession(AppiumDriver.java:268)
at org.openqa.selenium.remote.RemoteWebDriver.<init>(RemoteWebDriver.java:161)
at io.appium.java_client.AppiumDriver.<init>(AppiumDriver.java:90)
at io.appium.java_client.AppiumDriver.<init>(AppiumDriver.java:102)
at io.appium.java_client.android.AndroidDriver.<init>(AndroidDriver.java:109)
at surajacademy.TestUtils.BaseTest2.StartConfig(BaseTest2.java:46)
at java.base/java.util.ArrayList.forEach(ArrayList.java:1597)
... Removed 25 stack frames]]>
    </failure>
  </testcase> <!-- @BeforeClass StartConfig -->
  <testcase classname="app_GeneralStore.Ecommerce1" name="@BeforeMethod preSetup" time="0.0">
    <skipped/>
  </testcase> <!-- @BeforeMethod preSetup -->
  <testcase classname="app_GeneralStore.Ecommerce1" name="@BeforeMethod preSetup" time="0.0">
    <skipped/>
  </testcase> <!-- @BeforeMethod preSetup -->
  <testcase classname="surajacademy.TestUtils.BaseTest2" name="@AfterClass tearDown" time="0.0">
    <skipped/>
  </testcase> <!-- @AfterClass tearDown -->
  <testcase classname="app_GeneralStore.Ecommerce1" name="FillForm_ErrorValidation" time="0.0">
    <skipped/>
  </testcase> <!-- FillForm_ErrorValidation -->
  <testcase classname="app_GeneralStore.Ecommerce1" name="FillForm_PositiveFlow" time="0.0">
    <skipped/>
  </testcase> <!-- FillForm_PositiveFlow -->
</testsuite> <!-- End to end Framework Test -->
